2023-02-03 12:04:42,303 [Worker-11: Loading available Gradle versions] INFO  o.e.b.c.i.u.g.PublishedGradleVersions - Gradle version information cache is out-of-date. Trying to update.
2023-02-03 12:06:44,399 [Worker-10: Loading available Gradle versions] INFO  o.e.b.c.i.u.g.PublishedGradleVersions - Gradle version information cache is up-to-date. Trying to read.
2023-02-03 12:07:56,291 [Worker-51: Building] INFO  o.e.m.c.i.l.LifecycleMappingFactory - Using org.eclipse.m2e.jdt.JarLifecycleMapping lifecycle mapping for MavenProject: com.example:Bookstore:0.0.1-SNAPSHOT @ C:\Users\nickl\eclipse-ohjelmointi-1-2022\palvelinohjelmointi\Bookstore\pom.xml.
2023-02-03 12:07:57,408 [Worker-51: Building] INFO  o.e.m.c.i.embedder.EclipseLogger - Using 'UTF-8' encoding to copy filtered resources.
2023-02-03 12:07:57,408 [Worker-51: Building] INFO  o.e.m.c.i.embedder.EclipseLogger - Using 'UTF-8' encoding to copy filtered properties files.
2023-02-03 12:07:57,410 [Worker-51: Building] INFO  o.e.m.c.i.embedder.EclipseLogger - Copying 1 resource
2023-02-03 12:07:57,418 [Worker-51: Building] INFO  o.e.m.c.i.embedder.EclipseLogger - Copying 4 resources
2023-02-03 12:07:57,439 [Worker-51: Building] INFO  o.e.m.c.i.embedder.EclipseLogger - Using 'UTF-8' encoding to copy filtered resources.
2023-02-03 12:07:57,439 [Worker-51: Building] INFO  o.e.m.c.i.embedder.EclipseLogger - Using 'UTF-8' encoding to copy filtered properties files.
2023-02-03 12:07:57,439 [Worker-51: Building] INFO  o.e.m.c.i.embedder.EclipseLogger - skip non existing resourceDirectory C:\Users\nickl\eclipse-ohjelmointi-1-2022\palvelinohjelmointi\Bookstore\src\test\resources
2023-02-03 12:07:58,410 [Worker-51: Building] INFO  o.e.m.c.i.l.LifecycleMappingFactory - Using org.eclipse.m2e.jdt.JarLifecycleMapping lifecycle mapping for MavenProject: fi.haagahelia.course:Camerastore:0.0.1-SNAPSHOT @ C:\Users\nickl\eclipse-ohjelmointi-1-2022\palvelinohjelmointi\Camerastore\pom.xml.
2023-02-03 12:07:59,235 [Worker-51: Building] INFO  o.e.m.c.i.embedder.EclipseLogger - Using 'UTF-8' encoding to copy filtered resources.
2023-02-03 12:07:59,235 [Worker-51: Building] INFO  o.e.m.c.i.embedder.EclipseLogger - Using 'UTF-8' encoding to copy filtered properties files.
2023-02-03 12:07:59,236 [Worker-51: Building] INFO  o.e.m.c.i.embedder.EclipseLogger - Copying 1 resource
2023-02-03 12:07:59,243 [Worker-51: Building] INFO  o.e.m.c.i.embedder.EclipseLogger - Copying 9 resources
2023-02-03 12:07:59,294 [Worker-51: Building] INFO  o.e.m.c.i.embedder.EclipseLogger - Using 'UTF-8' encoding to copy filtered resources.
2023-02-03 12:07:59,295 [Worker-51: Building] INFO  o.e.m.c.i.embedder.EclipseLogger - Using 'UTF-8' encoding to copy filtered properties files.
2023-02-03 12:07:59,295 [Worker-51: Building] INFO  o.e.m.c.i.embedder.EclipseLogger - skip non existing resourceDirectory C:\Users\nickl\eclipse-ohjelmointi-1-2022\palvelinohjelmointi\Camerastore\src\test\resources
2023-02-03 12:07:59,644 [Worker-51: Building] INFO  o.e.m.c.i.l.LifecycleMappingFactory - Using org.eclipse.m2e.jdt.JarLifecycleMapping lifecycle mapping for MavenProject: fi.haagahelia.course:helloForm:0.0.1-SNAPSHOT @ C:\Users\nickl\eclipse-ohjelmointi-1-2022\palvelinohjelmointi\HelloFormValidation\pom.xml.
2023-02-03 12:08:00,115 [Worker-51: Building] INFO  o.e.m.c.i.embedder.EclipseLogger - Using 'UTF-8' encoding to copy filtered resources.
2023-02-03 12:08:00,115 [Worker-51: Building] INFO  o.e.m.c.i.embedder.EclipseLogger - Copying 1 resource
2023-02-03 12:08:00,126 [Worker-51: Building] INFO  o.e.m.c.i.embedder.EclipseLogger - Copying 2 resources
2023-02-03 12:08:00,135 [Worker-51: Building] INFO  o.e.m.c.i.embedder.EclipseLogger - Using 'UTF-8' encoding to copy filtered resources.
2023-02-03 12:08:00,135 [Worker-51: Building] INFO  o.e.m.c.i.embedder.EclipseLogger - skip non existing resourceDirectory C:\Users\nickl\eclipse-ohjelmointi-1-2022\palvelinohjelmointi\HelloFormValidation\src\test\resources
2023-02-03 12:08:00,441 [Worker-51: Building] INFO  o.e.m.c.i.l.LifecycleMappingFactory - Using org.eclipse.m2e.jdt.JarLifecycleMapping lifecycle mapping for MavenProject: com.example:HelloThymeleaf:0.0.1-SNAPSHOT @ C:\Users\nickl\eclipse-ohjelmointi-1-2022\palvelinohjelmointi\HelloThymeleaf\pom.xml.
2023-02-03 12:08:00,638 [Worker-51: Building] INFO  o.e.m.c.i.embedder.EclipseLogger - Using 'UTF-8' encoding to copy filtered resources.
2023-02-03 12:08:00,638 [Worker-51: Building] INFO  o.e.m.c.i.embedder.EclipseLogger - Using 'UTF-8' encoding to copy filtered properties files.
2023-02-03 12:08:00,638 [Worker-51: Building] INFO  o.e.m.c.i.embedder.EclipseLogger - Copying 1 resource
2023-02-03 12:08:00,639 [Worker-51: Building] INFO  o.e.m.c.i.embedder.EclipseLogger - Copying 1 resource
2023-02-03 12:08:00,643 [Worker-51: Building] INFO  o.e.m.c.i.embedder.EclipseLogger - Using 'UTF-8' encoding to copy filtered resources.
2023-02-03 12:08:00,643 [Worker-51: Building] INFO  o.e.m.c.i.embedder.EclipseLogger - Using 'UTF-8' encoding to copy filtered properties files.
2023-02-03 12:08:00,643 [Worker-51: Building] INFO  o.e.m.c.i.embedder.EclipseLogger - skip non existing resourceDirectory C:\Users\nickl\eclipse-ohjelmointi-1-2022\palvelinohjelmointi\HelloThymeleaf\src\test\resources
2023-02-03 12:08:01,968 [Worker-43: Building] INFO  o.e.m.c.i.embedder.EclipseLogger - Using 'UTF-8' encoding to copy filtered resources.
2023-02-03 12:08:01,968 [Worker-43: Building] INFO  o.e.m.c.i.embedder.EclipseLogger - Using 'UTF-8' encoding to copy filtered properties files.
2023-02-03 12:08:01,972 [Worker-43: Building] INFO  o.e.m.c.i.embedder.EclipseLogger - Copying 1 resource
2023-02-03 12:08:01,984 [Worker-43: Building] INFO  o.e.m.c.i.embedder.EclipseLogger - Copying 4 resources
2023-02-03 12:08:02,058 [Worker-43: Building] INFO  o.e.m.c.i.embedder.EclipseLogger - Using 'UTF-8' encoding to copy filtered resources.
2023-02-03 12:08:02,058 [Worker-43: Building] INFO  o.e.m.c.i.embedder.EclipseLogger - Using 'UTF-8' encoding to copy filtered properties files.
2023-02-03 12:08:02,058 [Worker-43: Building] INFO  o.e.m.c.i.embedder.EclipseLogger - skip non existing resourceDirectory C:\Users\nickl\eclipse-ohjelmointi-1-2022\palvelinohjelmointi\Bookstore\src\test\resources
2023-02-03 12:08:02,062 [Worker-40: Updating Maven Dependencies] INFO  o.e.m.c.i.l.LifecycleMappingFactory - Using org.eclipse.m2e.jdt.JarLifecycleMapping lifecycle mapping for MavenProject: fi.haagahelia.course:StudentListTest:0.0.1-SNAPSHOT @ C:\Users\nickl\eclipse-ohjelmointi-1-2022\palvelinohjelmointi\ServerProgramming-master\StudentJpaTest\pom.xml.
2023-02-03 12:08:02,456 [Worker-40: Updating Maven Dependencies] INFO  o.e.m.c.i.l.LifecycleMappingFactory - Using org.eclipse.m2e.jdt.JarLifecycleMapping lifecycle mapping for MavenProject: com.example:list:0.0.1-SNAPSHOT @ C:\Users\nickl\eclipse-ohjelmointi-1-2022\palvelinohjelmointi\list\pom.xml.
2023-02-03 12:08:02,585 [Worker-40: Updating Maven Dependencies] INFO  o.e.m.c.i.l.LifecycleMappingFactory - Using org.eclipse.m2e.jdt.JarLifecycleMapping lifecycle mapping for MavenProject: fi.haagahelia.course:StudentListOneToMany:0.0.1-SNAPSHOT @ C:\Users\nickl\eclipse-ohjelmointi-1-2022\palvelinohjelmointi\StudentListOneToMany\pom.xml.
2023-02-03 12:08:02,756 [Worker-40: Updating Maven Dependencies] INFO  o.e.m.c.i.l.LifecycleMappingFactory - Using org.eclipse.m2e.jdt.JarLifecycleMapping lifecycle mapping for MavenProject: fi.haagahelia.course:StudentListSecured:0.0.1-SNAPSHOT @ C:\Users\nickl\eclipse-ohjelmointi-1-2022\palvelinohjelmointi\ServerProgramming-master\SecureStudentListUser\pom.xml.
2023-02-03 12:08:02,865 [Worker-40: Updating Maven Dependencies] INFO  o.e.m.c.i.l.LifecycleMappingFactory - Using org.eclipse.m2e.jdt.JarLifecycleMapping lifecycle mapping for MavenProject: com.example:HelloThymeleaf:0.0.1-SNAPSHOT @ C:\Users\nickl\eclipse-ohjelmointi-1-2022\palvelinohjelmointi\HelloThymeleaf\pom.xml.
2023-02-03 12:08:02,892 [Worker-40: Updating Maven Dependencies] INFO  o.e.m.c.i.l.LifecycleMappingFactory - Using org.eclipse.m2e.jdt.JarLifecycleMapping lifecycle mapping for MavenProject: com.example:endpoints:0.0.1-SNAPSHOT @ C:\Users\nickl\eclipse-ohjelmointi-1-2022\palvelinohjelmointi\endpoints\pom.xml.
2023-02-03 12:08:02,923 [Worker-40: Updating Maven Dependencies] INFO  o.e.m.c.i.l.LifecycleMappingFactory - Using org.eclipse.m2e.jdt.JarLifecycleMapping lifecycle mapping for MavenProject: fi.haagahelia.course:StudentList:0.0.1-SNAPSHOT @ C:\Users\nickl\eclipse-ohjelmointi-1-2022\palvelinohjelmointi\StudentList\pom.xml.
2023-02-03 12:08:03,102 [Worker-43: Building] INFO  o.e.m.c.i.embedder.EclipseLogger - Using 'UTF-8' encoding to copy filtered resources.
2023-02-03 12:08:03,102 [Worker-43: Building] INFO  o.e.m.c.i.embedder.EclipseLogger - Using 'UTF-8' encoding to copy filtered properties files.
2023-02-03 12:08:03,104 [Worker-43: Building] INFO  o.e.m.c.i.embedder.EclipseLogger - Copying 1 resource
2023-02-03 12:08:03,106 [Worker-43: Building] INFO  o.e.m.c.i.embedder.EclipseLogger - Copying 9 resources
2023-02-03 12:08:03,128 [Worker-43: Building] INFO  o.e.m.c.i.embedder.EclipseLogger - Using 'UTF-8' encoding to copy filtered resources.
2023-02-03 12:08:03,128 [Worker-43: Building] INFO  o.e.m.c.i.embedder.EclipseLogger - Using 'UTF-8' encoding to copy filtered properties files.
2023-02-03 12:08:03,128 [Worker-43: Building] INFO  o.e.m.c.i.embedder.EclipseLogger - skip non existing resourceDirectory C:\Users\nickl\eclipse-ohjelmointi-1-2022\palvelinohjelmointi\Camerastore\src\test\resources
2023-02-03 12:08:03,135 [Worker-40: Updating Maven Dependencies] INFO  o.e.m.c.i.l.LifecycleMappingFactory - Using org.eclipse.m2e.jdt.JarLifecycleMapping lifecycle mapping for MavenProject: fi.haagahelia.course:Camerastore:0.0.1-SNAPSHOT @ C:\Users\nickl\eclipse-ohjelmointi-1-2022\palvelinohjelmointi\Camerastore\pom.xml.
2023-02-03 12:08:03,249 [Worker-40: Updating Maven Dependencies] INFO  o.e.m.c.i.l.LifecycleMappingFactory - Using org.eclipse.m2e.jdt.JarLifecycleMapping lifecycle mapping for MavenProject: hh.survey:Survey:0.0.1-SNAPSHOT @ C:\Users\nickl\eclipse-ohjelmointi-1-2022\palvelinohjelmointi\Survey-Backend\pom.xml.
2023-02-03 12:08:03,420 [Worker-43: Building] INFO  o.e.m.c.i.embedder.EclipseLogger - Using 'UTF-8' encoding to copy filtered resources.
2023-02-03 12:08:03,422 [Worker-43: Building] INFO  o.e.m.c.i.embedder.EclipseLogger - Copying 1 resource
2023-02-03 12:08:03,428 [Worker-43: Building] INFO  o.e.m.c.i.embedder.EclipseLogger - Copying 2 resources
2023-02-03 12:08:03,432 [Worker-40: Updating Maven Dependencies] INFO  o.e.m.c.i.l.LifecycleMappingFactory - Using org.eclipse.m2e.jdt.JarLifecycleMapping lifecycle mapping for MavenProject: com.example:testi:0.0.1-SNAPSHOT @ C:\Users\nickl\eclipse-ohjelmointi-1-2022\palvelinohjelmointi\testi\pom.xml.
2023-02-03 12:08:03,433 [Worker-43: Building] INFO  o.e.m.c.i.embedder.EclipseLogger - Using 'UTF-8' encoding to copy filtered resources.
2023-02-03 12:08:03,433 [Worker-43: Building] INFO  o.e.m.c.i.embedder.EclipseLogger - skip non existing resourceDirectory C:\Users\nickl\eclipse-ohjelmointi-1-2022\palvelinohjelmointi\HelloFormValidation\src\test\resources
2023-02-03 12:08:03,538 [Worker-40: Updating Maven Dependencies] INFO  o.e.m.c.i.l.LifecycleMappingFactory - Using org.eclipse.m2e.jdt.JarLifecycleMapping lifecycle mapping for MavenProject: com.example:Bookstore:0.0.1-SNAPSHOT @ C:\Users\nickl\eclipse-ohjelmointi-1-2022\palvelinohjelmointi\bookstorerikki\pom.xml.
2023-02-03 12:08:03,676 [Worker-43: Building] INFO  o.e.m.c.i.embedder.EclipseLogger - Using 'UTF-8' encoding to copy filtered resources.
2023-02-03 12:08:03,676 [Worker-43: Building] INFO  o.e.m.c.i.embedder.EclipseLogger - Using 'UTF-8' encoding to copy filtered properties files.
2023-02-03 12:08:03,677 [Worker-43: Building] INFO  o.e.m.c.i.embedder.EclipseLogger - Copying 1 resource
2023-02-03 12:08:03,679 [Worker-43: Building] INFO  o.e.m.c.i.embedder.EclipseLogger - Copying 1 resource
2023-02-03 12:08:03,683 [Worker-40: Updating Maven Dependencies] INFO  o.e.m.c.i.l.LifecycleMappingFactory - Using org.eclipse.m2e.jdt.JarLifecycleMapping lifecycle mapping for MavenProject: com.example:Bookstore:0.0.1-SNAPSHOT @ C:\Users\nickl\eclipse-ohjelmointi-1-2022\palvelinohjelmointi\Bookstore\pom.xml.
2023-02-03 12:08:03,684 [Worker-43: Building] INFO  o.e.m.c.i.embedder.EclipseLogger - Using 'UTF-8' encoding to copy filtered resources.
2023-02-03 12:08:03,684 [Worker-43: Building] INFO  o.e.m.c.i.embedder.EclipseLogger - Using 'UTF-8' encoding to copy filtered properties files.
2023-02-03 12:08:03,684 [Worker-43: Building] INFO  o.e.m.c.i.embedder.EclipseLogger - skip non existing resourceDirectory C:\Users\nickl\eclipse-ohjelmointi-1-2022\palvelinohjelmointi\HelloThymeleaf\src\test\resources
2023-02-03 12:08:03,725 [Worker-40: Updating Maven Dependencies] INFO  o.e.m.c.i.l.LifecycleMappingFactory - Using org.eclipse.m2e.jdt.JarLifecycleMapping lifecycle mapping for MavenProject: com.example:friendList:0.0.1-SNAPSHOT @ C:\Users\nickl\eclipse-ohjelmointi-1-2022\palvelinohjelmointi\friendList\pom.xml.
2023-02-03 12:08:03,772 [Worker-40: Updating Maven Dependencies] INFO  o.e.m.c.i.l.LifecycleMappingFactory - Using org.eclipse.m2e.jdt.JarLifecycleMapping lifecycle mapping for MavenProject: fi.haagahelia.course:helloForm:0.0.1-SNAPSHOT @ C:\Users\nickl\eclipse-ohjelmointi-1-2022\palvelinohjelmointi\HelloFormValidation\pom.xml.
2023-02-03 12:08:03,804 [Worker-43: Building] INFO  o.e.m.c.i.l.LifecycleMappingFactory - Using org.eclipse.m2e.jdt.JarLifecycleMapping lifecycle mapping for MavenProject: fi.haagahelia.course:StudentListSecure:0.0.1-SNAPSHOT @ C:\Users\nickl\eclipse-ohjelmointi-1-2022\palvelinohjelmointi\SecureStudentList\pom.xml.
2023-02-03 12:08:04,112 [Worker-43: Building] INFO  o.e.m.c.i.embedder.EclipseLogger - Using 'UTF-8' encoding to copy filtered resources.
2023-02-03 12:08:04,112 [Worker-43: Building] INFO  o.e.m.c.i.embedder.EclipseLogger - Copying 1 resource
2023-02-03 12:08:04,113 [Worker-43: Building] INFO  o.e.m.c.i.embedder.EclipseLogger - Copying 3 resources
2023-02-03 12:08:04,119 [Worker-43: Building] INFO  o.e.m.c.i.embedder.EclipseLogger - Using 'UTF-8' encoding to copy filtered resources.
2023-02-03 12:08:04,119 [Worker-43: Building] INFO  o.e.m.c.i.embedder.EclipseLogger - skip non existing resourceDirectory C:\Users\nickl\eclipse-ohjelmointi-1-2022\palvelinohjelmointi\SecureStudentList\src\test\resources
2023-02-03 12:08:04,229 [Worker-43: Building] INFO  o.e.m.c.i.l.LifecycleMappingFactory - Using org.eclipse.m2e.jdt.JarLifecycleMapping lifecycle mapping for MavenProject: fi.haagahelia.course:StudentList:0.0.1-SNAPSHOT @ C:\Users\nickl\eclipse-ohjelmointi-1-2022\palvelinohjelmointi\StudentList\pom.xml.
2023-02-03 12:08:04,429 [Worker-43: Building] INFO  o.e.m.c.i.embedder.EclipseLogger - Using 'UTF-8' encoding to copy filtered resources.
2023-02-03 12:08:04,430 [Worker-43: Building] INFO  o.e.m.c.i.embedder.EclipseLogger - Copying 1 resource
2023-02-03 12:08:04,430 [Worker-43: Building] INFO  o.e.m.c.i.embedder.EclipseLogger - Copying 0 resource
2023-02-03 12:08:04,432 [Worker-43: Building] INFO  o.e.m.c.i.embedder.EclipseLogger - Using 'UTF-8' encoding to copy filtered resources.
2023-02-03 12:08:04,432 [Worker-43: Building] INFO  o.e.m.c.i.embedder.EclipseLogger - skip non existing resourceDirectory C:\Users\nickl\eclipse-ohjelmointi-1-2022\palvelinohjelmointi\StudentList\src\test\resources
2023-02-03 12:08:04,548 [Worker-43: Building] INFO  o.e.m.c.i.l.LifecycleMappingFactory - Using org.eclipse.m2e.jdt.JarLifecycleMapping lifecycle mapping for MavenProject: fi.haagahelia.course:StudentListOneToMany:0.0.1-SNAPSHOT @ C:\Users\nickl\eclipse-ohjelmointi-1-2022\palvelinohjelmointi\StudentListOneToMany\pom.xml.
2023-02-03 12:08:04,789 [Worker-43: Building] INFO  o.e.m.c.i.embedder.EclipseLogger - Using 'UTF-8' encoding to copy filtered resources.
2023-02-03 12:08:04,789 [Worker-43: Building] INFO  o.e.m.c.i.embedder.EclipseLogger - Copying 1 resource
2023-02-03 12:08:04,790 [Worker-43: Building] INFO  o.e.m.c.i.embedder.EclipseLogger - Copying 4 resources
2023-02-03 12:08:04,799 [Worker-43: Building] INFO  o.e.m.c.i.embedder.EclipseLogger - Using 'UTF-8' encoding to copy filtered resources.
2023-02-03 12:08:04,799 [Worker-43: Building] INFO  o.e.m.c.i.embedder.EclipseLogger - skip non existing resourceDirectory C:\Users\nickl\eclipse-ohjelmointi-1-2022\palvelinohjelmointi\StudentListOneToMany\src\test\resources
2023-02-03 12:08:05,047 [Worker-43: Building] INFO  o.e.m.c.i.l.LifecycleMappingFactory - Using org.eclipse.m2e.jdt.JarLifecycleMapping lifecycle mapping for MavenProject: fi.haagahelia.course:StudentListSecured:0.0.1-SNAPSHOT @ C:\Users\nickl\eclipse-ohjelmointi-1-2022\palvelinohjelmointi\ServerProgramming-master\SecureStudentListUser\pom.xml.
2023-02-03 12:08:05,319 [Worker-43: Building] INFO  o.e.m.c.i.embedder.EclipseLogger - Using 'UTF-8' encoding to copy filtered resources.
2023-02-03 12:08:05,319 [Worker-43: Building] INFO  o.e.m.c.i.embedder.EclipseLogger - Copying 1 resource
2023-02-03 12:08:05,320 [Worker-43: Building] INFO  o.e.m.c.i.embedder.EclipseLogger - Copying 3 resources
2023-02-03 12:08:05,328 [Worker-43: Building] INFO  o.e.m.c.i.embedder.EclipseLogger - Using 'UTF-8' encoding to copy filtered resources.
2023-02-03 12:08:05,328 [Worker-43: Building] INFO  o.e.m.c.i.embedder.EclipseLogger - skip non existing resourceDirectory C:\Users\nickl\eclipse-ohjelmointi-1-2022\palvelinohjelmointi\ServerProgramming-master\SecureStudentListUser\src\test\resources
2023-02-03 12:08:05,451 [Worker-43: Building] INFO  o.e.m.c.i.l.LifecycleMappingFactory - Using org.eclipse.m2e.jdt.JarLifecycleMapping lifecycle mapping for MavenProject: fi.haagahelia.course:StudentListTest:0.0.1-SNAPSHOT @ C:\Users\nickl\eclipse-ohjelmointi-1-2022\palvelinohjelmointi\ServerProgramming-master\StudentJpaTest\pom.xml.
2023-02-03 12:08:05,755 [Worker-43: Building] INFO  o.e.m.c.i.embedder.EclipseLogger - Using 'UTF-8' encoding to copy filtered resources.
2023-02-03 12:08:05,756 [Worker-43: Building] INFO  o.e.m.c.i.embedder.EclipseLogger - Copying 1 resource
2023-02-03 12:08:05,757 [Worker-43: Building] INFO  o.e.m.c.i.embedder.EclipseLogger - Copying 4 resources
2023-02-03 12:08:05,768 [Worker-43: Building] INFO  o.e.m.c.i.embedder.EclipseLogger - Using 'UTF-8' encoding to copy filtered resources.
2023-02-03 12:08:05,768 [Worker-43: Building] INFO  o.e.m.c.i.embedder.EclipseLogger - skip non existing resourceDirectory C:\Users\nickl\eclipse-ohjelmointi-1-2022\palvelinohjelmointi\ServerProgramming-master\StudentJpaTest\src\test\resources
2023-02-03 12:08:06,151 [Worker-43: Building] INFO  o.e.m.c.i.l.LifecycleMappingFactory - Using org.eclipse.m2e.jdt.JarLifecycleMapping lifecycle mapping for MavenProject: hh.survey:Survey:0.0.1-SNAPSHOT @ C:\Users\nickl\eclipse-ohjelmointi-1-2022\palvelinohjelmointi\Survey-Backend\pom.xml.
2023-02-03 12:08:06,620 [Worker-43: Building] INFO  o.e.m.c.i.embedder.EclipseLogger - Using 'UTF-8' encoding to copy filtered resources.
2023-02-03 12:08:06,620 [Worker-43: Building] INFO  o.e.m.c.i.embedder.EclipseLogger - Using 'UTF-8' encoding to copy filtered properties files.
2023-02-03 12:08:06,620 [Worker-43: Building] INFO  o.e.m.c.i.embedder.EclipseLogger - Copying 1 resource
2023-02-03 12:08:06,629 [Worker-43: Building] INFO  o.e.m.c.i.embedder.EclipseLogger - Copying 6 resources
2023-02-03 12:08:06,669 [Worker-43: Building] INFO  o.e.m.c.i.embedder.EclipseLogger - Using 'UTF-8' encoding to copy filtered resources.
2023-02-03 12:08:06,669 [Worker-43: Building] INFO  o.e.m.c.i.embedder.EclipseLogger - Using 'UTF-8' encoding to copy filtered properties files.
2023-02-03 12:08:06,669 [Worker-43: Building] INFO  o.e.m.c.i.embedder.EclipseLogger - skip non existing resourceDirectory C:\Users\nickl\eclipse-ohjelmointi-1-2022\palvelinohjelmointi\Survey-Backend\src\test\resources
2023-02-03 12:08:06,824 [Worker-43: Building] INFO  o.e.m.c.i.l.LifecycleMappingFactory - Using org.eclipse.m2e.jdt.JarLifecycleMapping lifecycle mapping for MavenProject: com.example:Bookstore:0.0.1-SNAPSHOT @ C:\Users\nickl\eclipse-ohjelmointi-1-2022\palvelinohjelmointi\bookstorerikki\pom.xml.
2023-02-03 12:08:07,066 [Worker-43: Building] INFO  o.e.m.c.i.embedder.EclipseLogger - Using 'UTF-8' encoding to copy filtered resources.
2023-02-03 12:08:07,066 [Worker-43: Building] INFO  o.e.m.c.i.embedder.EclipseLogger - Using 'UTF-8' encoding to copy filtered properties files.
2023-02-03 12:08:07,066 [Worker-43: Building] INFO  o.e.m.c.i.embedder.EclipseLogger - Copying 1 resource
2023-02-03 12:08:07,067 [Worker-43: Building] INFO  o.e.m.c.i.embedder.EclipseLogger - Copying 4 resources
2023-02-03 12:08:07,078 [Worker-43: Building] INFO  o.e.m.c.i.embedder.EclipseLogger - Using 'UTF-8' encoding to copy filtered resources.
2023-02-03 12:08:07,078 [Worker-43: Building] INFO  o.e.m.c.i.embedder.EclipseLogger - Using 'UTF-8' encoding to copy filtered properties files.
2023-02-03 12:08:07,078 [Worker-43: Building] INFO  o.e.m.c.i.embedder.EclipseLogger - skip non existing resourceDirectory C:\Users\nickl\eclipse-ohjelmointi-1-2022\palvelinohjelmointi\bookstorerikki\src\test\resources
2023-02-03 12:08:07,183 [Worker-43: Building] INFO  o.e.m.c.i.l.LifecycleMappingFactory - Using org.eclipse.m2e.jdt.JarLifecycleMapping lifecycle mapping for MavenProject: com.example:endpoints:0.0.1-SNAPSHOT @ C:\Users\nickl\eclipse-ohjelmointi-1-2022\palvelinohjelmointi\endpoints\pom.xml.
2023-02-03 12:08:07,373 [Worker-43: Building] INFO  o.e.m.c.i.embedder.EclipseLogger - Using 'UTF-8' encoding to copy filtered resources.
2023-02-03 12:08:07,373 [Worker-43: Building] INFO  o.e.m.c.i.embedder.EclipseLogger - Using 'UTF-8' encoding to copy filtered properties files.
2023-02-03 12:08:07,373 [Worker-43: Building] INFO  o.e.m.c.i.embedder.EclipseLogger - Copying 1 resource
2023-02-03 12:08:07,374 [Worker-43: Building] INFO  o.e.m.c.i.embedder.EclipseLogger - Copying 0 resource
2023-02-03 12:08:07,376 [Worker-43: Building] INFO  o.e.m.c.i.embedder.EclipseLogger - Using 'UTF-8' encoding to copy filtered resources.
2023-02-03 12:08:07,376 [Worker-43: Building] INFO  o.e.m.c.i.embedder.EclipseLogger - Using 'UTF-8' encoding to copy filtered properties files.
2023-02-03 12:08:07,376 [Worker-43: Building] INFO  o.e.m.c.i.embedder.EclipseLogger - skip non existing resourceDirectory C:\Users\nickl\eclipse-ohjelmointi-1-2022\palvelinohjelmointi\endpoints\src\test\resources
2023-02-03 12:08:07,499 [Worker-43: Building] INFO  o.e.m.c.i.l.LifecycleMappingFactory - Using org.eclipse.m2e.jdt.JarLifecycleMapping lifecycle mapping for MavenProject: com.example:friendList:0.0.1-SNAPSHOT @ C:\Users\nickl\eclipse-ohjelmointi-1-2022\palvelinohjelmointi\friendList\pom.xml.
2023-02-03 12:08:07,871 [Worker-43: Building] INFO  o.e.m.c.i.embedder.EclipseLogger - Using 'UTF-8' encoding to copy filtered resources.
2023-02-03 12:08:07,871 [Worker-43: Building] INFO  o.e.m.c.i.embedder.EclipseLogger - Using 'UTF-8' encoding to copy filtered properties files.
2023-02-03 12:08:07,871 [Worker-43: Building] INFO  o.e.m.c.i.embedder.EclipseLogger - Copying 1 resource
2023-02-03 12:08:07,881 [Worker-43: Building] INFO  o.e.m.c.i.embedder.EclipseLogger - Copying 1 resource
2023-02-03 12:08:07,886 [Worker-43: Building] INFO  o.e.m.c.i.embedder.EclipseLogger - Using 'UTF-8' encoding to copy filtered resources.
2023-02-03 12:08:07,886 [Worker-43: Building] INFO  o.e.m.c.i.embedder.EclipseLogger - Using 'UTF-8' encoding to copy filtered properties files.
2023-02-03 12:08:07,886 [Worker-43: Building] INFO  o.e.m.c.i.embedder.EclipseLogger - skip non existing resourceDirectory C:\Users\nickl\eclipse-ohjelmointi-1-2022\palvelinohjelmointi\friendList\src\test\resources
2023-02-03 12:08:08,014 [Worker-43: Building] INFO  o.e.m.c.i.l.LifecycleMappingFactory - Using org.eclipse.m2e.jdt.JarLifecycleMapping lifecycle mapping for MavenProject: com.example:list:0.0.1-SNAPSHOT @ C:\Users\nickl\eclipse-ohjelmointi-1-2022\palvelinohjelmointi\list\pom.xml.
2023-02-03 12:08:08,194 [Worker-43: Building] INFO  o.e.m.c.i.embedder.EclipseLogger - Using 'UTF-8' encoding to copy filtered resources.
2023-02-03 12:08:08,194 [Worker-43: Building] INFO  o.e.m.c.i.embedder.EclipseLogger - Using 'UTF-8' encoding to copy filtered properties files.
2023-02-03 12:08:08,195 [Worker-43: Building] INFO  o.e.m.c.i.embedder.EclipseLogger - Copying 1 resource
2023-02-03 12:08:08,195 [Worker-43: Building] INFO  o.e.m.c.i.embedder.EclipseLogger - Copying 1 resource
2023-02-03 12:08:08,199 [Worker-43: Building] INFO  o.e.m.c.i.embedder.EclipseLogger - Using 'UTF-8' encoding to copy filtered resources.
2023-02-03 12:08:08,199 [Worker-43: Building] INFO  o.e.m.c.i.embedder.EclipseLogger - Using 'UTF-8' encoding to copy filtered properties files.
2023-02-03 12:08:08,200 [Worker-43: Building] INFO  o.e.m.c.i.embedder.EclipseLogger - skip non existing resourceDirectory C:\Users\nickl\eclipse-ohjelmointi-1-2022\palvelinohjelmointi\list\src\test\resources
2023-02-03 12:08:08,330 [Worker-43: Building] INFO  o.e.m.c.i.l.LifecycleMappingFactory - Using org.eclipse.m2e.jdt.JarLifecycleMapping lifecycle mapping for MavenProject: com.example:list:0.0.1-SNAPSHOT @ C:\Users\nickl\eclipse-ohjelmointi-1-2022\palvelinohjelmointi\listaesimerkki\pom.xml.
2023-02-03 12:08:08,502 [Worker-43: Building] INFO  o.e.m.c.i.embedder.EclipseLogger - Using 'UTF-8' encoding to copy filtered resources.
2023-02-03 12:08:08,502 [Worker-43: Building] INFO  o.e.m.c.i.embedder.EclipseLogger - Using 'UTF-8' encoding to copy filtered properties files.
2023-02-03 12:08:08,502 [Worker-43: Building] INFO  o.e.m.c.i.embedder.EclipseLogger - Copying 1 resource
2023-02-03 12:08:08,503 [Worker-43: Building] INFO  o.e.m.c.i.embedder.EclipseLogger - Copying 1 resource
2023-02-03 12:08:08,507 [Worker-43: Building] INFO  o.e.m.c.i.embedder.EclipseLogger - Using 'UTF-8' encoding to copy filtered resources.
2023-02-03 12:08:08,507 [Worker-43: Building] INFO  o.e.m.c.i.embedder.EclipseLogger - Using 'UTF-8' encoding to copy filtered properties files.
2023-02-03 12:08:08,507 [Worker-43: Building] INFO  o.e.m.c.i.embedder.EclipseLogger - skip non existing resourceDirectory C:\Users\nickl\eclipse-ohjelmointi-1-2022\palvelinohjelmointi\listaesimerkki\src\test\resources
2023-02-03 12:08:08,622 [Worker-43: Building] INFO  o.e.m.c.i.l.LifecycleMappingFactory - Using org.eclipse.m2e.jdt.JarLifecycleMapping lifecycle mapping for MavenProject: com.example:testi:0.0.1-SNAPSHOT @ C:\Users\nickl\eclipse-ohjelmointi-1-2022\palvelinohjelmointi\testi\pom.xml.
2023-02-03 12:08:08,831 [Worker-43: Building] INFO  o.e.m.c.i.embedder.EclipseLogger - Using 'UTF-8' encoding to copy filtered resources.
2023-02-03 12:08:08,831 [Worker-43: Building] INFO  o.e.m.c.i.embedder.EclipseLogger - Using 'UTF-8' encoding to copy filtered properties files.
2023-02-03 12:08:08,831 [Worker-43: Building] INFO  o.e.m.c.i.embedder.EclipseLogger - Copying 1 resource
2023-02-03 12:08:08,832 [Worker-43: Building] INFO  o.e.m.c.i.embedder.EclipseLogger - Copying 0 resource
2023-02-03 12:08:08,835 [Worker-43: Building] INFO  o.e.m.c.i.embedder.EclipseLogger - Using 'UTF-8' encoding to copy filtered resources.
2023-02-03 12:08:08,835 [Worker-43: Building] INFO  o.e.m.c.i.embedder.EclipseLogger - Using 'UTF-8' encoding to copy filtered properties files.
2023-02-03 12:08:08,835 [Worker-43: Building] INFO  o.e.m.c.i.embedder.EclipseLogger - skip non existing resourceDirectory C:\Users\nickl\eclipse-ohjelmointi-1-2022\palvelinohjelmointi\testi\src\test\resources
2023-02-03 12:08:09,644 [Worker-48: Updating Maven Dependencies] INFO  o.e.m.c.i.l.LifecycleMappingFactory - Using org.eclipse.m2e.jdt.JarLifecycleMapping lifecycle mapping for MavenProject: fi.haagahelia.course:StudentListTest:0.0.1-SNAPSHOT @ C:\Users\nickl\eclipse-ohjelmointi-1-2022\palvelinohjelmointi\ServerProgramming-master\StudentJpaTest\pom.xml.
2023-02-03 12:08:09,804 [Worker-48: Updating Maven Dependencies] INFO  o.e.m.c.i.l.LifecycleMappingFactory - Using org.eclipse.m2e.jdt.JarLifecycleMapping lifecycle mapping for MavenProject: com.example:list:0.0.1-SNAPSHOT @ C:\Users\nickl\eclipse-ohjelmointi-1-2022\palvelinohjelmointi\list\pom.xml.
2023-02-03 12:08:09,871 [Worker-48: Updating Maven Dependencies] INFO  o.e.m.c.i.l.LifecycleMappingFactory - Using org.eclipse.m2e.jdt.JarLifecycleMapping lifecycle mapping for MavenProject: fi.haagahelia.course:StudentListOneToMany:0.0.1-SNAPSHOT @ C:\Users\nickl\eclipse-ohjelmointi-1-2022\palvelinohjelmointi\StudentListOneToMany\pom.xml.
2023-02-03 12:08:09,974 [Worker-48: Updating Maven Dependencies] INFO  o.e.m.c.i.l.LifecycleMappingFactory - Using org.eclipse.m2e.jdt.JarLifecycleMapping lifecycle mapping for MavenProject: fi.haagahelia.course:StudentListSecured:0.0.1-SNAPSHOT @ C:\Users\nickl\eclipse-ohjelmointi-1-2022\palvelinohjelmointi\ServerProgramming-master\SecureStudentListUser\pom.xml.
2023-02-03 12:08:10,086 [Worker-48: Updating Maven Dependencies] INFO  o.e.m.c.i.l.LifecycleMappingFactory - Using org.eclipse.m2e.jdt.JarLifecycleMapping lifecycle mapping for MavenProject: com.example:HelloThymeleaf:0.0.1-SNAPSHOT @ C:\Users\nickl\eclipse-ohjelmointi-1-2022\palvelinohjelmointi\HelloThymeleaf\pom.xml.
2023-02-03 12:08:10,317 [Worker-43: Building] INFO  o.e.m.c.i.embedder.EclipseLogger - Using 'UTF-8' encoding to copy filtered resources.
2023-02-03 12:08:10,319 [Worker-43: Building] INFO  o.e.m.c.i.embedder.EclipseLogger - Copying 1 resource
2023-02-03 12:08:10,324 [Worker-48: Updating Maven Dependencies] INFO  o.e.m.c.i.l.LifecycleMappingFactory - Using org.eclipse.m2e.jdt.JarLifecycleMapping lifecycle mapping for MavenProject: com.example:endpoints:0.0.1-SNAPSHOT @ C:\Users\nickl\eclipse-ohjelmointi-1-2022\palvelinohjelmointi\endpoints\pom.xml.
2023-02-03 12:08:10,327 [Worker-43: Building] INFO  o.e.m.c.i.embedder.EclipseLogger - Copying 3 resources
2023-02-03 12:08:10,337 [Worker-43: Building] INFO  o.e.m.c.i.embedder.EclipseLogger - Using 'UTF-8' encoding to copy filtered resources.
2023-02-03 12:08:10,337 [Worker-43: Building] INFO  o.e.m.c.i.embedder.EclipseLogger - skip non existing resourceDirectory C:\Users\nickl\eclipse-ohjelmointi-1-2022\palvelinohjelmointi\SecureStudentList\src\test\resources
2023-02-03 12:08:10,420 [Worker-48: Updating Maven Dependencies] INFO  o.e.m.c.i.l.LifecycleMappingFactory - Using org.eclipse.m2e.jdt.JarLifecycleMapping lifecycle mapping for MavenProject: fi.haagahelia.course:StudentList:0.0.1-SNAPSHOT @ C:\Users\nickl\eclipse-ohjelmointi-1-2022\palvelinohjelmointi\StudentList\pom.xml.
2023-02-03 12:08:10,473 [Worker-48: Updating Maven Dependencies] INFO  o.e.m.c.i.l.LifecycleMappingFactory - Using org.eclipse.m2e.jdt.JarLifecycleMapping lifecycle mapping for MavenProject: fi.haagahelia.course:Camerastore:0.0.1-SNAPSHOT @ C:\Users\nickl\eclipse-ohjelmointi-1-2022\palvelinohjelmointi\Camerastore\pom.xml.
2023-02-03 12:08:10,634 [Worker-43: Building] INFO  o.e.m.c.i.embedder.EclipseLogger - Using 'UTF-8' encoding to copy filtered resources.
2023-02-03 12:08:10,635 [Worker-43: Building] INFO  o.e.m.c.i.embedder.EclipseLogger - Copying 1 resource
2023-02-03 12:08:10,636 [Worker-43: Building] INFO  o.e.m.c.i.embedder.EclipseLogger - Copying 0 resource
2023-02-03 12:08:10,639 [Worker-43: Building] INFO  o.e.m.c.i.embedder.EclipseLogger - Using 'UTF-8' encoding to copy filtered resources.
2023-02-03 12:08:10,639 [Worker-43: Building] INFO  o.e.m.c.i.embedder.EclipseLogger - skip non existing resourceDirectory C:\Users\nickl\eclipse-ohjelmointi-1-2022\palvelinohjelmointi\StudentList\src\test\resources
2023-02-03 12:08:10,660 [Worker-48: Updating Maven Dependencies] INFO  o.e.m.c.i.l.LifecycleMappingFactory - Using org.eclipse.m2e.jdt.JarLifecycleMapping lifecycle mapping for MavenProject: hh.survey:Survey:0.0.1-SNAPSHOT @ C:\Users\nickl\eclipse-ohjelmointi-1-2022\palvelinohjelmointi\Survey-Backend\pom.xml.
2023-02-03 12:08:10,711 [Worker-48: Updating Maven Dependencies] INFO  o.e.m.c.i.l.LifecycleMappingFactory - Using org.eclipse.m2e.jdt.JarLifecycleMapping lifecycle mapping for MavenProject: com.example:testi:0.0.1-SNAPSHOT @ C:\Users\nickl\eclipse-ohjelmointi-1-2022\palvelinohjelmointi\testi\pom.xml.
2023-02-03 12:08:10,841 [Worker-43: Building] INFO  o.e.m.c.i.embedder.EclipseLogger - Using 'UTF-8' encoding to copy filtered resources.
2023-02-03 12:08:10,842 [Worker-43: Building] INFO  o.e.m.c.i.embedder.EclipseLogger - Copying 1 resource
2023-02-03 12:08:10,844 [Worker-43: Building] INFO  o.e.m.c.i.embedder.EclipseLogger - Copying 4 resources
2023-02-03 12:08:10,856 [Worker-43: Building] INFO  o.e.m.c.i.embedder.EclipseLogger - Using 'UTF-8' encoding to copy filtered resources.
2023-02-03 12:08:10,856 [Worker-43: Building] INFO  o.e.m.c.i.embedder.EclipseLogger - skip non existing resourceDirectory C:\Users\nickl\eclipse-ohjelmointi-1-2022\palvelinohjelmointi\StudentListOneToMany\src\test\resources
2023-02-03 12:08:10,874 [Worker-48: Updating Maven Dependencies] INFO  o.e.m.c.i.l.LifecycleMappingFactory - Using org.eclipse.m2e.jdt.JarLifecycleMapping lifecycle mapping for MavenProject: com.example:Bookstore:0.0.1-SNAPSHOT @ C:\Users\nickl\eclipse-ohjelmointi-1-2022\palvelinohjelmointi\bookstorerikki\pom.xml.
2023-02-03 12:08:10,936 [Worker-48: Updating Maven Dependencies] INFO  o.e.m.c.i.l.LifecycleMappingFactory - Using org.eclipse.m2e.jdt.JarLifecycleMapping lifecycle mapping for MavenProject: com.example:Bookstore:0.0.1-SNAPSHOT @ C:\Users\nickl\eclipse-ohjelmointi-1-2022\palvelinohjelmointi\Bookstore\pom.xml.
2023-02-03 12:08:11,097 [Worker-43: Building] INFO  o.e.m.c.i.embedder.EclipseLogger - Using 'UTF-8' encoding to copy filtered resources.
2023-02-03 12:08:11,098 [Worker-43: Building] INFO  o.e.m.c.i.embedder.EclipseLogger - Copying 1 resource
2023-02-03 12:08:11,100 [Worker-43: Building] INFO  o.e.m.c.i.embedder.EclipseLogger - Copying 3 resources
2023-02-03 12:08:11,110 [Worker-43: Building] INFO  o.e.m.c.i.embedder.EclipseLogger - Using 'UTF-8' encoding to copy filtered resources.
2023-02-03 12:08:11,110 [Worker-43: Building] INFO  o.e.m.c.i.embedder.EclipseLogger - skip non existing resourceDirectory C:\Users\nickl\eclipse-ohjelmointi-1-2022\palvelinohjelmointi\ServerProgramming-master\SecureStudentListUser\src\test\resources
2023-02-03 12:08:11,117 [Worker-48: Updating Maven Dependencies] INFO  o.e.m.c.i.l.LifecycleMappingFactory - Using org.eclipse.m2e.jdt.JarLifecycleMapping lifecycle mapping for MavenProject: com.example:friendList:0.0.1-SNAPSHOT @ C:\Users\nickl\eclipse-ohjelmointi-1-2022\palvelinohjelmointi\friendList\pom.xml.
2023-02-03 12:08:11,162 [Worker-48: Updating Maven Dependencies] INFO  o.e.m.c.i.l.LifecycleMappingFactory - Using org.eclipse.m2e.jdt.JarLifecycleMapping lifecycle mapping for MavenProject: fi.haagahelia.course:helloForm:0.0.1-SNAPSHOT @ C:\Users\nickl\eclipse-ohjelmointi-1-2022\palvelinohjelmointi\HelloFormValidation\pom.xml.
2023-02-03 12:08:11,208 [Worker-48: Updating Maven Dependencies] INFO  o.e.m.c.i.l.LifecycleMappingFactory - Using org.eclipse.m2e.jdt.JarLifecycleMapping lifecycle mapping for MavenProject: fi.haagahelia.course:StudentListSecure:0.0.1-SNAPSHOT @ C:\Users\nickl\eclipse-ohjelmointi-1-2022\palvelinohjelmointi\SecureStudentList\pom.xml.
2023-02-03 12:08:11,371 [Worker-43: Building] INFO  o.e.m.c.i.embedder.EclipseLogger - Using 'UTF-8' encoding to copy filtered resources.
2023-02-03 12:08:11,372 [Worker-43: Building] INFO  o.e.m.c.i.embedder.EclipseLogger - Copying 1 resource
2023-02-03 12:08:11,374 [Worker-43: Building] INFO  o.e.m.c.i.embedder.EclipseLogger - Copying 4 resources
2023-02-03 12:08:11,384 [Worker-43: Building] INFO  o.e.m.c.i.embedder.EclipseLogger - Using 'UTF-8' encoding to copy filtered resources.
2023-02-03 12:08:11,385 [Worker-43: Building] INFO  o.e.m.c.i.embedder.EclipseLogger - skip non existing resourceDirectory C:\Users\nickl\eclipse-ohjelmointi-1-2022\palvelinohjelmointi\ServerProgramming-master\StudentJpaTest\src\test\resources
2023-02-03 12:08:11,421 [Worker-48: Updating Maven Dependencies] INFO  o.e.m.c.i.l.LifecycleMappingFactory - Using org.eclipse.m2e.jdt.JarLifecycleMapping lifecycle mapping for MavenProject: com.example:list:0.0.1-SNAPSHOT @ C:\Users\nickl\eclipse-ohjelmointi-1-2022\palvelinohjelmointi\listaesimerkki\pom.xml.
2023-02-03 12:08:14,638 [Worker-42: Building] INFO  o.e.m.c.i.embedder.EclipseLogger - Using 'UTF-8' encoding to copy filtered resources.
2023-02-03 12:08:14,639 [Worker-42: Building] INFO  o.e.m.c.i.embedder.EclipseLogger - Using 'UTF-8' encoding to copy filtered properties files.
2023-02-03 12:08:14,640 [Worker-42: Building] INFO  o.e.m.c.i.embedder.EclipseLogger - Copying 0 resource
2023-02-03 12:08:14,640 [Worker-42: Building] INFO  o.e.m.c.i.embedder.EclipseLogger - Copying 0 resource
2023-02-03 12:08:14,644 [Worker-42: Building] INFO  o.e.m.c.i.embedder.EclipseLogger - Using 'UTF-8' encoding to copy filtered resources.
2023-02-03 12:08:14,644 [Worker-42: Building] INFO  o.e.m.c.i.embedder.EclipseLogger - Using 'UTF-8' encoding to copy filtered properties files.
2023-02-03 12:08:14,644 [Worker-42: Building] INFO  o.e.m.c.i.embedder.EclipseLogger - skip non existing resourceDirectory C:\Users\nickl\eclipse-ohjelmointi-1-2022\palvelinohjelmointi\Bookstore\src\test\resources
2023-02-03 12:08:14,660 [Worker-42: Building] INFO  o.e.m.c.i.embedder.EclipseLogger - Using 'UTF-8' encoding to copy filtered resources.
2023-02-03 12:08:14,660 [Worker-42: Building] INFO  o.e.m.c.i.embedder.EclipseLogger - Using 'UTF-8' encoding to copy filtered properties files.
2023-02-03 12:08:14,660 [Worker-42: Building] INFO  o.e.m.c.i.embedder.EclipseLogger - Copying 0 resource
2023-02-03 12:08:14,660 [Worker-42: Building] INFO  o.e.m.c.i.embedder.EclipseLogger - Copying 0 resource
2023-02-03 12:08:14,664 [Worker-42: Building] INFO  o.e.m.c.i.embedder.EclipseLogger - Using 'UTF-8' encoding to copy filtered resources.
2023-02-03 12:08:14,664 [Worker-42: Building] INFO  o.e.m.c.i.embedder.EclipseLogger - Using 'UTF-8' encoding to copy filtered properties files.
2023-02-03 12:08:14,664 [Worker-42: Building] INFO  o.e.m.c.i.embedder.EclipseLogger - skip non existing resourceDirectory C:\Users\nickl\eclipse-ohjelmointi-1-2022\palvelinohjelmointi\Camerastore\src\test\resources
2023-02-03 12:08:14,676 [Worker-42: Building] INFO  o.e.m.c.i.embedder.EclipseLogger - Using 'UTF-8' encoding to copy filtered resources.
2023-02-03 12:08:14,676 [Worker-42: Building] INFO  o.e.m.c.i.embedder.EclipseLogger - Copying 0 resource
2023-02-03 12:08:14,676 [Worker-42: Building] INFO  o.e.m.c.i.embedder.EclipseLogger - Copying 0 resource
2023-02-03 12:08:14,679 [Worker-42: Building] INFO  o.e.m.c.i.embedder.EclipseLogger - Using 'UTF-8' encoding to copy filtered resources.
2023-02-03 12:08:14,679 [Worker-42: Building] INFO  o.e.m.c.i.embedder.EclipseLogger - skip non existing resourceDirectory C:\Users\nickl\eclipse-ohjelmointi-1-2022\palvelinohjelmointi\HelloFormValidation\src\test\resources
2023-02-03 12:08:14,691 [Worker-42: Building] INFO  o.e.m.c.i.embedder.EclipseLogger - Using 'UTF-8' encoding to copy filtered resources.
2023-02-03 12:08:14,691 [Worker-42: Building] INFO  o.e.m.c.i.embedder.EclipseLogger - Using 'UTF-8' encoding to copy filtered properties files.
2023-02-03 12:08:14,691 [Worker-42: Building] INFO  o.e.m.c.i.embedder.EclipseLogger - Copying 0 resource
2023-02-03 12:08:14,691 [Worker-42: Building] INFO  o.e.m.c.i.embedder.EclipseLogger - Copying 0 resource
2023-02-03 12:08:14,694 [Worker-42: Building] INFO  o.e.m.c.i.embedder.EclipseLogger - Using 'UTF-8' encoding to copy filtered resources.
2023-02-03 12:08:14,694 [Worker-42: Building] INFO  o.e.m.c.i.embedder.EclipseLogger - Using 'UTF-8' encoding to copy filtered properties files.
2023-02-03 12:08:14,694 [Worker-42: Building] INFO  o.e.m.c.i.embedder.EclipseLogger - skip non existing resourceDirectory C:\Users\nickl\eclipse-ohjelmointi-1-2022\palvelinohjelmointi\HelloThymeleaf\src\test\resources
2023-02-03 12:08:14,708 [Worker-42: Building] INFO  o.e.m.c.i.embedder.EclipseLogger - Using 'UTF-8' encoding to copy filtered resources.
2023-02-03 12:08:14,709 [Worker-42: Building] INFO  o.e.m.c.i.embedder.EclipseLogger - Copying 0 resource
2023-02-03 12:08:14,709 [Worker-42: Building] INFO  o.e.m.c.i.embedder.EclipseLogger - Copying 0 resource
2023-02-03 12:08:14,711 [Worker-42: Building] INFO  o.e.m.c.i.embedder.EclipseLogger - Using 'UTF-8' encoding to copy filtered resources.
2023-02-03 12:08:14,711 [Worker-42: Building] INFO  o.e.m.c.i.embedder.EclipseLogger - skip non existing resourceDirectory C:\Users\nickl\eclipse-ohjelmointi-1-2022\palvelinohjelmointi\SecureStudentList\src\test\resources
2023-02-03 12:08:14,725 [Worker-42: Building] INFO  o.e.m.c.i.embedder.EclipseLogger - Using 'UTF-8' encoding to copy filtered resources.
2023-02-03 12:08:14,725 [Worker-42: Building] INFO  o.e.m.c.i.embedder.EclipseLogger - Copying 0 resource
2023-02-03 12:08:14,725 [Worker-42: Building] INFO  o.e.m.c.i.embedder.EclipseLogger - Copying 0 resource
2023-02-03 12:08:14,728 [Worker-42: Building] INFO  o.e.m.c.i.embedder.EclipseLogger - Using 'UTF-8' encoding to copy filtered resources.
2023-02-03 12:08:14,728 [Worker-42: Building] INFO  o.e.m.c.i.embedder.EclipseLogger - skip non existing resourceDirectory C:\Users\nickl\eclipse-ohjelmointi-1-2022\palvelinohjelmointi\StudentList\src\test\resources
2023-02-03 12:08:14,741 [Worker-42: Building] INFO  o.e.m.c.i.embedder.EclipseLogger - Using 'UTF-8' encoding to copy filtered resources.
2023-02-03 12:08:14,742 [Worker-42: Building] INFO  o.e.m.c.i.embedder.EclipseLogger - Copying 0 resource
2023-02-03 12:08:14,742 [Worker-42: Building] INFO  o.e.m.c.i.embedder.EclipseLogger - Copying 0 resource
2023-02-03 12:08:14,744 [Worker-42: Building] INFO  o.e.m.c.i.embedder.EclipseLogger - Using 'UTF-8' encoding to copy filtered resources.
2023-02-03 12:08:14,745 [Worker-42: Building] INFO  o.e.m.c.i.embedder.EclipseLogger - skip non existing resourceDirectory C:\Users\nickl\eclipse-ohjelmointi-1-2022\palvelinohjelmointi\StudentListOneToMany\src\test\resources
2023-02-03 12:08:14,759 [Worker-42: Building] INFO  o.e.m.c.i.embedder.EclipseLogger - Using 'UTF-8' encoding to copy filtered resources.
2023-02-03 12:08:14,759 [Worker-42: Building] INFO  o.e.m.c.i.embedder.EclipseLogger - Copying 0 resource
2023-02-03 12:08:14,759 [Worker-42: Building] INFO  o.e.m.c.i.embedder.EclipseLogger - Copying 0 resource
2023-02-03 12:08:14,762 [Worker-42: Building] INFO  o.e.m.c.i.embedder.EclipseLogger - Using 'UTF-8' encoding to copy filtered resources.
2023-02-03 12:08:14,762 [Worker-42: Building] INFO  o.e.m.c.i.embedder.EclipseLogger - skip non existing resourceDirectory C:\Users\nickl\eclipse-ohjelmointi-1-2022\palvelinohjelmointi\ServerProgramming-master\SecureStudentListUser\src\test\resources
2023-02-03 12:08:14,887 [Worker-42: Building] INFO  o.e.m.c.i.embedder.EclipseLogger - Using 'UTF-8' encoding to copy filtered resources.
2023-02-03 12:08:14,887 [Worker-42: Building] INFO  o.e.m.c.i.embedder.EclipseLogger - Copying 0 resource
2023-02-03 12:08:14,888 [Worker-42: Building] INFO  o.e.m.c.i.embedder.EclipseLogger - Copying 0 resource
2023-02-03 12:08:14,890 [Worker-42: Building] INFO  o.e.m.c.i.embedder.EclipseLogger - Using 'UTF-8' encoding to copy filtered resources.
2023-02-03 12:08:14,890 [Worker-42: Building] INFO  o.e.m.c.i.embedder.EclipseLogger - skip non existing resourceDirectory C:\Users\nickl\eclipse-ohjelmointi-1-2022\palvelinohjelmointi\ServerProgramming-master\StudentJpaTest\src\test\resources
2023-02-03 12:08:14,905 [Worker-42: Building] INFO  o.e.m.c.i.embedder.EclipseLogger - Using 'UTF-8' encoding to copy filtered resources.
2023-02-03 12:08:14,905 [Worker-42: Building] INFO  o.e.m.c.i.embedder.EclipseLogger - Using 'UTF-8' encoding to copy filtered properties files.
2023-02-03 12:08:14,905 [Worker-42: Building] INFO  o.e.m.c.i.embedder.EclipseLogger - Copying 1 resource
2023-02-03 12:08:14,911 [Worker-42: Building] INFO  o.e.m.c.i.embedder.EclipseLogger - Copying 6 resources
2023-02-03 12:08:14,922 [Worker-42: Building] INFO  o.e.m.c.i.embedder.EclipseLogger - Using 'UTF-8' encoding to copy filtered resources.
2023-02-03 12:08:14,922 [Worker-42: Building] INFO  o.e.m.c.i.embedder.EclipseLogger - Using 'UTF-8' encoding to copy filtered properties files.
2023-02-03 12:08:14,922 [Worker-42: Building] INFO  o.e.m.c.i.embedder.EclipseLogger - skip non existing resourceDirectory C:\Users\nickl\eclipse-ohjelmointi-1-2022\palvelinohjelmointi\Survey-Backend\src\test\resources
2023-02-03 12:08:15,108 [Worker-42: Building] INFO  o.e.m.c.i.embedder.EclipseLogger - Using 'UTF-8' encoding to copy filtered resources.
2023-02-03 12:08:15,108 [Worker-42: Building] INFO  o.e.m.c.i.embedder.EclipseLogger - Using 'UTF-8' encoding to copy filtered properties files.
2023-02-03 12:08:15,109 [Worker-42: Building] INFO  o.e.m.c.i.embedder.EclipseLogger - Copying 1 resource
2023-02-03 12:08:15,110 [Worker-42: Building] INFO  o.e.m.c.i.embedder.EclipseLogger - Copying 4 resources
2023-02-03 12:08:15,118 [Worker-42: Building] INFO  o.e.m.c.i.embedder.EclipseLogger - Using 'UTF-8' encoding to copy filtered resources.
2023-02-03 12:08:15,119 [Worker-42: Building] INFO  o.e.m.c.i.embedder.EclipseLogger - Using 'UTF-8' encoding to copy filtered properties files.
2023-02-03 12:08:15,119 [Worker-42: Building] INFO  o.e.m.c.i.embedder.EclipseLogger - skip non existing resourceDirectory C:\Users\nickl\eclipse-ohjelmointi-1-2022\palvelinohjelmointi\bookstorerikki\src\test\resources
2023-02-03 12:08:15,166 [Worker-42: Building] INFO  o.e.m.c.i.embedder.EclipseLogger - Using 'UTF-8' encoding to copy filtered resources.
2023-02-03 12:08:15,166 [Worker-42: Building] INFO  o.e.m.c.i.embedder.EclipseLogger - Using 'UTF-8' encoding to copy filtered properties files.
2023-02-03 12:08:15,166 [Worker-42: Building] INFO  o.e.m.c.i.embedder.EclipseLogger - Copying 1 resource
2023-02-03 12:08:15,167 [Worker-42: Building] INFO  o.e.m.c.i.embedder.EclipseLogger - Copying 0 resource
2023-02-03 12:08:15,170 [Worker-42: Building] INFO  o.e.m.c.i.embedder.EclipseLogger - Using 'UTF-8' encoding to copy filtered resources.
2023-02-03 12:08:15,170 [Worker-42: Building] INFO  o.e.m.c.i.embedder.EclipseLogger - Using 'UTF-8' encoding to copy filtered properties files.
2023-02-03 12:08:15,170 [Worker-42: Building] INFO  o.e.m.c.i.embedder.EclipseLogger - skip non existing resourceDirectory C:\Users\nickl\eclipse-ohjelmointi-1-2022\palvelinohjelmointi\endpoints\src\test\resources
2023-02-03 12:08:15,220 [Worker-42: Building] INFO  o.e.m.c.i.embedder.EclipseLogger - Using 'UTF-8' encoding to copy filtered resources.
2023-02-03 12:08:15,220 [Worker-42: Building] INFO  o.e.m.c.i.embedder.EclipseLogger - Using 'UTF-8' encoding to copy filtered properties files.
2023-02-03 12:08:15,221 [Worker-42: Building] INFO  o.e.m.c.i.embedder.EclipseLogger - Copying 1 resource
2023-02-03 12:08:15,222 [Worker-42: Building] INFO  o.e.m.c.i.embedder.EclipseLogger - Copying 1 resource
2023-02-03 12:08:15,226 [Worker-42: Building] INFO  o.e.m.c.i.embedder.EclipseLogger - Using 'UTF-8' encoding to copy filtered resources.
2023-02-03 12:08:15,226 [Worker-42: Building] INFO  o.e.m.c.i.embedder.EclipseLogger - Using 'UTF-8' encoding to copy filtered properties files.
2023-02-03 12:08:15,226 [Worker-42: Building] INFO  o.e.m.c.i.embedder.EclipseLogger - skip non existing resourceDirectory C:\Users\nickl\eclipse-ohjelmointi-1-2022\palvelinohjelmointi\friendList\src\test\resources
2023-02-03 12:08:15,378 [Worker-42: Building] INFO  o.e.m.c.i.embedder.EclipseLogger - Using 'UTF-8' encoding to copy filtered resources.
2023-02-03 12:08:15,378 [Worker-42: Building] INFO  o.e.m.c.i.embedder.EclipseLogger - Using 'UTF-8' encoding to copy filtered properties files.
2023-02-03 12:08:15,379 [Worker-42: Building] INFO  o.e.m.c.i.embedder.EclipseLogger - Copying 1 resource
2023-02-03 12:08:15,380 [Worker-42: Building] INFO  o.e.m.c.i.embedder.EclipseLogger - Copying 1 resource
2023-02-03 12:08:15,385 [Worker-42: Building] INFO  o.e.m.c.i.embedder.EclipseLogger - Using 'UTF-8' encoding to copy filtered resources.
2023-02-03 12:08:15,385 [Worker-42: Building] INFO  o.e.m.c.i.embedder.EclipseLogger - Using 'UTF-8' encoding to copy filtered properties files.
2023-02-03 12:08:15,385 [Worker-42: Building] INFO  o.e.m.c.i.embedder.EclipseLogger - skip non existing resourceDirectory C:\Users\nickl\eclipse-ohjelmointi-1-2022\palvelinohjelmointi\list\src\test\resources
2023-02-03 12:08:15,435 [Worker-42: Building] INFO  o.e.m.c.i.embedder.EclipseLogger - Using 'UTF-8' encoding to copy filtered resources.
2023-02-03 12:08:15,435 [Worker-42: Building] INFO  o.e.m.c.i.embedder.EclipseLogger - Using 'UTF-8' encoding to copy filtered properties files.
2023-02-03 12:08:15,436 [Worker-42: Building] INFO  o.e.m.c.i.embedder.EclipseLogger - Copying 1 resource
2023-02-03 12:08:15,437 [Worker-42: Building] INFO  o.e.m.c.i.embedder.EclipseLogger - Copying 1 resource
2023-02-03 12:08:15,441 [Worker-42: Building] INFO  o.e.m.c.i.embedder.EclipseLogger - Using 'UTF-8' encoding to copy filtered resources.
2023-02-03 12:08:15,441 [Worker-42: Building] INFO  o.e.m.c.i.embedder.EclipseLogger - Using 'UTF-8' encoding to copy filtered properties files.
2023-02-03 12:08:15,441 [Worker-42: Building] INFO  o.e.m.c.i.embedder.EclipseLogger - skip non existing resourceDirectory C:\Users\nickl\eclipse-ohjelmointi-1-2022\palvelinohjelmointi\listaesimerkki\src\test\resources
2023-02-03 12:08:15,588 [Worker-42: Building] INFO  o.e.m.c.i.embedder.EclipseLogger - Using 'UTF-8' encoding to copy filtered resources.
2023-02-03 12:08:15,588 [Worker-42: Building] INFO  o.e.m.c.i.embedder.EclipseLogger - Using 'UTF-8' encoding to copy filtered properties files.
2023-02-03 12:08:15,589 [Worker-42: Building] INFO  o.e.m.c.i.embedder.EclipseLogger - Copying 1 resource
2023-02-03 12:08:15,590 [Worker-42: Building] INFO  o.e.m.c.i.embedder.EclipseLogger - Copying 0 resource
2023-02-03 12:08:15,593 [Worker-42: Building] INFO  o.e.m.c.i.embedder.EclipseLogger - Using 'UTF-8' encoding to copy filtered resources.
2023-02-03 12:08:15,593 [Worker-42: Building] INFO  o.e.m.c.i.embedder.EclipseLogger - Using 'UTF-8' encoding to copy filtered properties files.
2023-02-03 12:08:15,593 [Worker-42: Building] INFO  o.e.m.c.i.embedder.EclipseLogger - skip non existing resourceDirectory C:\Users\nickl\eclipse-ohjelmointi-1-2022\palvelinohjelmointi\testi\src\test\resources
